[34m> [39mLoaded .npmrc ini RC /Users/yisheng/.npmrc {"//registry.npmjs.org/:_authToken":"0d651520-6f4a-461f-9982-9438e8fe63fb","@bit:registry":"https://node.bit.dev","//node.bitsrc.io/:_authToken":"ce4660ce-6f57-4517-9c19-9d2ee17e05af","//node.bit.dev/:_authToken":"ce4660ce-6f57-4517-9c19-9d2ee17e05af"}
[36m> [39mFinal RC {"fynlocal":true,"alwaysFetchDist":false,"centralStore":false,"logLevel":"info","colors":true,"progress":"normal","lockfile":true,"refreshOptionals":false,"production":false,"rcfile":true,"flatMeta":false,"concurrency":15,"access":null,"allow-same-version":false,"always-auth":false,"also":null,"audit":true,"audit-level":"low","auth-type":"legacy","bin-links":true,"browser":null,"ca":null,"cafile":null,"cache":"/Users/yisheng/.npm","cache-lock-stale":60000,"cache-lock-retries":10,"cache-lock-wait":10000,"cache-max":null,"cache-min":10,"cert":null,"cidr":null,"color":true,"depth":null,"description":true,"dev":false,"dry-run":false,"editor":"vi","engine-strict":false,"force":false,"fetch-retries":2,"fetch-retry-factor":10,"fetch-retry-mintimeout":10000,"fetch-retry-maxtimeout":60000,"git":"git","git-tag-version":true,"commit-hooks":true,"global":false,"globalconfig":"/usr/local/Cellar/node/14.2.0/etc/npmrc","global-style":false,"group":20,"ham-it-up":false,"heading":"npm","if-present":false,"ignore-prepublish":false,"ignore-scripts":false,"init-module":"/Users/yisheng/.npm-init.js","init-author-name":"","init-author-email":"","init-author-url":"","init-version":"1.0.0","init-license":"ISC","json":false,"key":null,"legacy-bundling":false,"link":false,"loglevel":"notice","logs-max":10,"long":false,"maxsockets":50,"message":"%s","metrics-registry":null,"node-options":null,"node-version":"v14.2.0","offline":false,"onload-script":false,"only":null,"optional":true,"otp":null,"package-lock":true,"package-lock-only":false,"parseable":false,"prefer-offline":false,"prefer-online":false,"prefix":"/usr/local/Cellar/node/14.2.0","preid":"","proxy":null,"https-proxy":null,"noproxy":null,"user-agent":"npm/{npm-version} node/{node-version} {platform} {arch}","read-only":false,"rebuild-bundle":true,"registry":"https://registry.npmjs.org","rollback":true,"save":true,"save-bundle":false,"save-dev":false,"save-exact":false,"save-optional":false,"save-prefix":"^","save-prod":false,"scope":"","script-shell":null,"scripts-prepend-node-path":"warn-only","searchopts":"","searchexclude":null,"searchlimit":20,"searchstaleness":900,"send-metrics":false,"shell":"/bin/bash","shrinkwrap":true,"sign-git-commit":false,"sign-git-tag":false,"sso-poll-frequency":500,"sso-type":"oauth","strict-ssl":true,"tag":"latest","tag-version-prefix":"v","timing":false,"tmp":"/var/folders/mt/vymvg22d1qb7nn69c5h4d49r0000gn/T","unicode":true,"unsafe-perm":true,"update-notifier":true,"usage":false,"user":"nobody","userconfig":"/Users/yisheng/.npmrc","umask":18,"version":false,"versions":false,"viewer":"man","_exit":true,"targetDir":"node_modules","//registry.npmjs.org/:_authToken":"0d651520-6f4a-461f-9982-9438e8fe63fb","@bit:registry":"https://node.bit.dev","//node.bitsrc.io/:_authToken":"ce4660ce-6f57-4517-9c19-9d2ee17e05af","//node.bit.dev/:_authToken":"ce4660ce-6f57-4517-9c19-9d2ee17e05af","cwd":"/Users/yisheng/grepawk3/grepaudio"}
[36m> [39m[32mfyn[39m version 0.2.29 at [35m/usr/local/lib/node_modules/fyn[39m
[36m> [39m[32mNodeJS[39m version v14.2.0 at [35m/usr/local/Cellar/node/14.2.0/bin/node[39m
[36m> [39menv NODE_OPTIONS is [35mundefined[39m
[36m> [39mworking dir is [35m/Users/yisheng/grepawk3/grepaudio[39m
[36m> [39mMax network concurrency is 15
[34m> [39mfyn options {"registry":"https://registry.npmjs.org","pkgFile":"package.json","targetDir":"node_modules","fynDir":"/Users/yisheng/.fyn","fynCacheDir":"/Users/yisheng/.fyn/_cacache","lockfile":true,"fynlocal":true,"alwaysFetchDist":false,"centralStore":false,"logLevel":"info","colors":true,"progress":"normal","refreshOptionals":false,"production":false,"rcfile":true,"flatMeta":false,"concurrency":15,"access":null,"allow-same-version":false,"always-auth":false,"also":null,"audit":true,"audit-level":"low","auth-type":"legacy","bin-links":true,"browser":null,"ca":null,"cafile":null,"cache":"/Users/yisheng/.npm","cache-lock-stale":60000,"cache-lock-retries":10,"cache-lock-wait":10000,"cache-max":null,"cache-min":10,"cert":null,"cidr":null,"color":true,"depth":null,"description":true,"dev":false,"dry-run":false,"editor":"vi","engine-strict":false,"force":false,"fetch-retries":2,"fetch-retry-factor":10,"fetch-retry-mintimeout":10000,"fetch-retry-maxtimeout":60000,"git":"git","git-tag-version":true,"commit-hooks":true,"global":false,"globalconfig":"/usr/local/Cellar/node/14.2.0/etc/npmrc","global-style":false,"group":20,"ham-it-up":false,"heading":"npm","if-present":false,"ignore-prepublish":false,"ignore-scripts":false,"init-module":"/Users/yisheng/.npm-init.js","init-author-name":"","init-author-email":"","init-author-url":"","init-version":"1.0.0","init-license":"ISC","json":false,"key":null,"legacy-bundling":false,"link":false,"loglevel":"notice","logs-max":10,"long":false,"maxsockets":50,"message":"%s","metrics-registry":null,"node-options":null,"node-version":"v14.2.0","offline":false,"onload-script":false,"only":null,"optional":true,"otp":null,"package-lock":true,"package-lock-only":false,"parseable":false,"prefer-offline":false,"prefer-online":false,"prefix":"/usr/local/Cellar/node/14.2.0","preid":"","proxy":null,"https-proxy":null,"noproxy":null,"user-agent":"npm/{npm-version} node/{node-version} {platform} {arch}","read-only":false,"rebuild-bundle":true,"rollback":true,"save":true,"save-bundle":false,"save-dev":false,"save-exact":false,"save-optional":false,"save-prefix":"^","save-prod":false,"scope":"","script-shell":null,"scripts-prepend-node-path":"warn-only","searchopts":"","searchexclude":null,"searchlimit":20,"searchstaleness":900,"send-metrics":false,"shell":"/bin/bash","shrinkwrap":true,"sign-git-commit":false,"sign-git-tag":false,"sso-poll-frequency":500,"sso-type":"oauth","strict-ssl":true,"tag":"latest","tag-version-prefix":"v","timing":false,"tmp":"/var/folders/mt/vymvg22d1qb7nn69c5h4d49r0000gn/T","unicode":true,"unsafe-perm":true,"update-notifier":true,"usage":false,"user":"nobody","userconfig":"/Users/yisheng/.npmrc","umask":18,"version":false,"versions":false,"viewer":"man","_exit":true,"//registry.npmjs.org/:_authToken":"0d651520-6f4a-461f-9982-9438e8fe63fb","@bit:registry":"https://node.bit.dev","//node.bitsrc.io/:_authToken":"ce4660ce-6f57-4517-9c19-9d2ee17e05af","//node.bit.dev/:_authToken":"ce4660ce-6f57-4517-9c19-9d2ee17e05af","cwd":"/Users/yisheng/grepawk3/grepaudio"}
[34m> [39mpackage.json file /Users/yisheng/grepawk3/grepaudio/package.json
[34m> [39mpkg src manager registry {"registry":"https://registry.npmjs.org","@bit:registry":"https://node.bit.dev"}
[34m> [39mfailed to load lockfile /Users/yisheng/grepawk3/grepaudio/fyn-lock.yaml - ENOENT: no such file or directory, open '/Users/yisheng/grepawk3/grepaudio/fyn-lock.yaml'
> npm's lock data from package-lock.json found, will use.
[32mfetch meta[39m: resolving dependencies...
[34m> [39mfetchLocalItem localPath node_modules/karma-requirejs fullPath /Users/yisheng/grepawk3/grepaudio/node_modules/karma-requirejs
[31m> [39m[31minstall failed:[39m CWD /Users/yisheng/grepawk3/grepaudio
[31m> [39m[31minstall failed:[39m Please check for any errors that occur above.
[31m> [39m[31minstall failed:[39m Also check [35mfyn-debug.log[39m for more details. [35mless -R fyn-debug.log[39m if you are on Un*x.
[31m> [39m[31minstall failed:[39m ELOOP: too many symbolic links encountered, open '/Users/yisheng/grepawk3/grepaudio/node_modules/karma-requirejs/package.json'
[34m> [39mSTACK: Error: ELOOP: too many symbolic links encountered, open '/Users/yisheng/grepawk3/grepaudio/node_modules/karma-requirejs/package.json'
    at Object.eval [as readFile] (webpack:///./node_modules/opfs/lib/wrap.js?:47:41)
    at readPkgJson (webpack:///./lib/util/fyntil.js?:81:15)
    at PkgSrcManager.fetchLocalItem (webpack:///./lib/pkg-src-manager.js?:212:12)
    at eval (webpack:///./lib/pkg-dep-resolver.js?:982:48)
    at tryCatcher (webpack:///./node_modules/bluebird/js/release/util.js?:16:23)
    at Function.Promise.attempt.Promise.try (webpack:///./node_modules/bluebird/js/release/method.js?:39:29)
    at tryLocal (webpack:///./lib/pkg-dep-resolver.js?:982:25)
    at PkgDepResolver.resolveItem (webpack:///./lib/pkg-dep-resolver.js?:1005:122)
    at PkgDepResolver.processItem (webpack:///./lib/pkg-dep-resolver.js?:974:19)
    at ItemQueue.processItem [as _processItem] (webpack:///./lib/pkg-dep-resolver.js?:84:30)
    at ItemQueue._process (webpack:///./node_modules/item-queue/lib/item-queue.js?:258:26)
    at eval (webpack:///./node_modules/item-queue/lib/item-queue.js?:125:12)
    at processTicksAndRejections (internal/process/task_queues.js:79:11)
