{
  appendFile: [Function: appendFile],
  appendFileSync: [Function: appendFileSync],
  access: [Function: access],
  accessSync: [Function: accessSync],
  chown: [Function: chown],
  chownSync: [Function: chownSync],
  chmod: [Function: chmod],
  chmodSync: [Function: chmodSync],
  close: [Function: close],
  closeSync: [Function: closeSync],
  copyFile: [Function: copyFile],
  copyFileSync: [Function: copyFileSync],
  createReadStream: [Function: createReadStream],
  createWriteStream: [Function: createWriteStream],
  exists: [Function: exists],
  existsSync: [Function: existsSync],
  fchown: [Function: fchown],
  fchownSync: [Function: fchownSync],
  fchmod: [Function: fchmod],
  fchmodSync: [Function: fchmodSync],
  fdatasync: [Function: fdatasync],
  fdatasyncSync: [Function: fdatasyncSync],
  fstat: [Function: fstat],
  fstatSync: [Function: fstatSync],
  fsync: [Function: fsync],
  fsyncSync: [Function: fsyncSync],
  ftruncate: [Function: ftruncate],
  ftruncateSync: [Function: ftruncateSync],
  futimes: [Function: futimes],
  futimesSync: [Function: futimesSync],
  lchown: [Function: lchown],
  lchownSync: [Function: lchownSync],
  lchmod: [Function: lchmod],
  lchmodSync: [Function: lchmodSync],
  link: [Function: link],
  linkSync: [Function: linkSync],
  lstat: [Function: lstat],
  lstatSync: [Function: lstatSync],
  mkdir: [Function: mkdir],
  mkdirSync: [Function: mkdirSync],
  mkdtemp: [Function: mkdtemp],
  mkdtempSync: [Function: mkdtempSync],
  open: [Function: open],
  openSync: [Function: openSync],
  readdir: [Function: readdir],
  readdirSync: [Function: readdirSync],
  read: [Function: read],
  readSync: [Function: readSync],
  readFile: [Function: readFile],
  readFileSync: [Function: readFileSync],
  readlink: [Function: readlink],
  readlinkSync: [Function: readlinkSync],
  realpath: [Function: realpath] { native: [Function] },
  realpathSync: [Function: realpathSync] { native: [Function] },
  rename: [Function: rename],
  renameSync: [Function: renameSync],
  rmdir: [Function: rmdir],
  rmdirSync: [Function: rmdirSync],
  stat: [Function: stat],
  statSync: [Function: statSync],
  symlink: [Function: symlink],
  symlinkSync: [Function: symlinkSync],
  truncate: [Function: truncate],
  truncateSync: [Function: truncateSync],
  unwatchFile: [Function: unwatchFile],
  unlink: [Function: unlink],
  unlinkSync: [Function: unlinkSync],
  utimes: [Function: utimes],
  utimesSync: [Function: utimesSync],
  watch: [Function: watch],
  watchFile: [Function: watchFile],
  writeFile: [Function: writeFile],
  writeFileSync: [Function: writeFileSync],
  write: [Function: write],
  writeSync: [Function: writeSync],
  Dirent: [Function: Dirent],
  Stats: [Function: Stats],
  ReadStream: [Getter/Setter],
  WriteStream: [Getter/Setter],
  FileReadStream: [Getter/Setter],
  FileWriteStream: [Getter/Setter],
  _toUnixTimestamp: [Function: toUnixTimestamp],
  F_OK: 0,
  R_OK: 4,
  W_OK: 2,
  X_OK: 1,
  constants: [Object: null prototype] {
    UV_FS_SYMLINK_DIR: 1,
    UV_FS_SYMLINK_JUNCTION: 2,
    O_RDONLY: 0,
    O_WRONLY: 1,
    O_RDWR: 2,
    UV_DIRENT_UNKNOWN: 0,
    UV_DIRENT_FILE: 1,
    UV_DIRENT_DIR: 2,
    UV_DIRENT_LINK: 3,
    UV_DIRENT_FIFO: 4,
    UV_DIRENT_SOCKET: 5,
    UV_DIRENT_CHAR: 6,
    UV_DIRENT_BLOCK: 7,
    S_IFMT: 61440,
    S_IFREG: 32768,
    S_IFDIR: 16384,
    S_IFCHR: 8192,
    S_IFBLK: 24576,
    S_IFIFO: 4096,
    S_IFLNK: 40960,
    S_IFSOCK: 49152,
    O_CREAT: 512,
    O_EXCL: 2048,
    O_NOCTTY: 131072,
    O_TRUNC: 1024,
    O_APPEND: 8,
    O_DIRECTORY: 1048576,
    O_NOFOLLOW: 256,
    O_SYNC: 128,
    O_DSYNC: 4194304,
    O_SYMLINK: 2097152,
    O_NONBLOCK: 4,
    S_IRWXU: 448,
    S_IRUSR: 256,
    S_IWUSR: 128,
    S_IXUSR: 64,
    S_IRWXG: 56,
    S_IRGRP: 32,
    S_IWGRP: 16,
    S_IXGRP: 8,
    S_IRWXO: 7,
    S_IROTH: 4,
    S_IWOTH: 2,
    S_IXOTH: 1,
    F_OK: 0,
    R_OK: 4,
    W_OK: 2,
    X_OK: 1,
    UV_FS_COPYFILE_EXCL: 1,
    COPYFILE_EXCL: 1,
    UV_FS_COPYFILE_FICLONE: 2,
    COPYFILE_FICLONE: 2,
    UV_FS_COPYFILE_FICLONE_FORCE: 4,
    COPYFILE_FICLONE_FORCE: 4
  },
  promises: [Getter]
}
{
  appendFile: [Function: appendFile],
  appendFileSync: [Function: appendFileSync],
  access: [Function: access],
  accessSync: [Function: accessSync],
  chown: [Function: chown],
  chownSync: [Function: chownSync],
  chmod: [Function: chmod],
  chmodSync: [Function: chmodSync],
  close: [Function: close],
  closeSync: [Function: closeSync],
  copyFile: [Function: copyFile],
  copyFileSync: [Function: copyFileSync],
  createReadStream: [Function: createReadStream],
  createWriteStream: [Function: createWriteStream],
  exists: [Function: exists],
  existsSync: [Function: existsSync],
  fchown: [Function: fchown],
  fchownSync: [Function: fchownSync],
  fchmod: [Function: fchmod],
  fchmodSync: [Function: fchmodSync],
  fdatasync: [Function: fdatasync],
  fdatasyncSync: [Function: fdatasyncSync],
  fstat: [Function: fstat],
  fstatSync: [Function: fstatSync],
  fsync: [Function: fsync],
  fsyncSync: [Function: fsyncSync],
  ftruncate: [Function: ftruncate],
  ftruncateSync: [Function: ftruncateSync],
  futimes: [Function: futimes],
  futimesSync: [Function: futimesSync],
  lchown: [Function: lchown],
  lchownSync: [Function: lchownSync],
  lchmod: [Function: lchmod],
  lchmodSync: [Function: lchmodSync],
  link: [Function: link],
  linkSync: [Function: linkSync],
  lstat: [Function: lstat],
  lstatSync: [Function: lstatSync],
  mkdir: [Function: mkdir],
  mkdirSync: [Function: mkdirSync],
  mkdtemp: [Function: mkdtemp],
  mkdtempSync: [Function: mkdtempSync],
  open: [Function: open],
  openSync: [Function: openSync],
  readdir: [Function: readdir],
  readdirSync: [Function: readdirSync],
  read: [Function: read],
  readSync: [Function: readSync],
  readFile: [Function: readFile],
  readFileSync: [Function: readFileSync],
  readlink: [Function: readlink],
  readlinkSync: [Function: readlinkSync],
  realpath: [Function: realpath] { native: [Function] },
  realpathSync: [Function: realpathSync] { native: [Function] },
  rename: [Function: rename],
  renameSync: [Function: renameSync],
  rmdir: [Function: rmdir],
  rmdirSync: [Function: rmdirSync],
  stat: [Function: stat],
  statSync: [Function: statSync],
  symlink: [Function: symlink],
  symlinkSync: [Function: symlinkSync],
  truncate: [Function: truncate],
  truncateSync: [Function: truncateSync],
  unwatchFile: [Function: unwatchFile],
  unlink: [Function: unlink],
  unlinkSync: [Function: unlinkSync],
  utimes: [Function: utimes],
  utimesSync: [Function: utimesSync],
  watch: [Function: watch],
  watchFile: [Function: watchFile],
  writeFile: [Function: writeFile],
  writeFileSync: [Function: writeFileSync],
  write: [Function: write],
  writeSync: [Function: writeSync],
  Dirent: [Function: Dirent],
  Stats: [Function: Stats],
  ReadStream: [Getter/Setter],
  WriteStream: [Getter/Setter],
  FileReadStream: [Getter/Setter],
  FileWriteStream: [Getter/Setter],
  _toUnixTimestamp: [Function: toUnixTimestamp],
  F_OK: 0,
  R_OK: 4,
  W_OK: 2,
  X_OK: 1,
  constants: [Object: null prototype] {
    UV_FS_SYMLINK_DIR: 1,
    UV_FS_SYMLINK_JUNCTION: 2,
    O_RDONLY: 0,
    O_WRONLY: 1,
    O_RDWR: 2,
    UV_DIRENT_UNKNOWN: 0,
    UV_DIRENT_FILE: 1,
    UV_DIRENT_DIR: 2,
    UV_DIRENT_LINK: 3,
    UV_DIRENT_FIFO: 4,
    UV_DIRENT_SOCKET: 5,
    UV_DIRENT_CHAR: 6,
    UV_DIRENT_BLOCK: 7,
    S_IFMT: 61440,
    S_IFREG: 32768,
    S_IFDIR: 16384,
    S_IFCHR: 8192,
    S_IFBLK: 24576,
    S_IFIFO: 4096,
    S_IFLNK: 40960,
    S_IFSOCK: 49152,
    O_CREAT: 512,
    O_EXCL: 2048,
    O_NOCTTY: 131072,
    O_TRUNC: 1024,
    O_APPEND: 8,
    O_DIRECTORY: 1048576,
    O_NOFOLLOW: 256,
    O_SYNC: 128,
    O_DSYNC: 4194304,
    O_SYMLINK: 2097152,
    O_NONBLOCK: 4,
    S_IRWXU: 448,
    S_IRUSR: 256,
    S_IWUSR: 128,
    S_IXUSR: 64,
    S_IRWXG: 56,
    S_IRGRP: 32,
    S_IWGRP: 16,
    S_IXGRP: 8,
    S_IRWXO: 7,
    S_IROTH: 4,
    S_IWOTH: 2,
    S_IXOTH: 1,
    F_OK: 0,
    R_OK: 4,
    W_OK: 2,
    X_OK: 1,
    UV_FS_COPYFILE_EXCL: 1,
    COPYFILE_EXCL: 1,
    UV_FS_COPYFILE_FICLONE: 2,
    COPYFILE_FICLONE: 2,
    UV_FS_COPYFILE_FICLONE_FORCE: 4,
    COPYFILE_FICLONE_FORCE: 4
  },
  promises: [Getter]
}
events.js:180
      throw er; // Unhandled 'error' event
      ^

Error: listen EADDRINUSE: address already in use :::3333
    at Server.setupListenHandle [as _listen2] (net.js:1228:14)
    at listenInCluster (net.js:1276:12)
    at Server.listen (net.js:1364:7)
    at Function.listen (/Users/yisheng/grepawk3/grepaudio/server/node_modules/express/lib/application.js:618:24)
    at Object.<anonymous> (/Users/yisheng/grepawk3/grepaudio/server/index.js:134:5)
    at Module._compile (internal/modules/cjs/loader.js:868:30)
    at Object.Module._extensions..js (internal/modules/cjs/loader.js:879:10)
    at Module.load (internal/modules/cjs/loader.js:731:32)
    at Function.Module._load (internal/modules/cjs/loader.js:644:12)
    at Function.Module.runMain (internal/modules/cjs/loader.js:931:10)
Emitted 'error' event at:
    at emitErrorNT (net.js:1255:8)
    at processTicksAndRejections (internal/process/task_queues.js:77:11) {
  code: 'EADDRINUSE',
  errno: 'EADDRINUSE',
  syscall: 'listen',
  address: '::',
  port: 3333
}
